[16/12/2022 09:28:30] [plugins/mysql] cache_get_value_name: field 'Color' not found (C:\Users\User\Desktop\FZ Roleplay [S1] Rol en español\gamemodes\FZRP.pwn:24783)
[16/12/2022 09:28:30] [plugins/mysql] cache_get_value_name: field 'Color' not found (C:\Users\User\Desktop\FZ Roleplay [S1] Rol en español\gamemodes\FZRP.pwn:24783)
[16/12/2022 09:28:30] [plugins/mysql] cache_get_value_name: field 'Color' not found (C:\Users\User\Desktop\FZ Roleplay [S1] Rol en español\gamemodes\FZRP.pwn:24783)
[16/12/2022 09:28:30] [plugins/mysql] cache_get_value_name: field 'EnUso' not found (C:\Users\User\Desktop\FZ Roleplay [S1] Rol en español\gamemodes\FZRP.pwn:5360)
[16/12/2022 09:28:30] [plugins/mysql] cache_get_value_name: field 'EnUso' not found (C:\Users\User\Desktop\FZ Roleplay [S1] Rol en español\gamemodes\FZRP.pwn:5360)
[16/12/2022 09:28:30] [plugins/mysql] cache_get_value_name: field 'EnUso' not found (C:\Users\User\Desktop\FZ Roleplay [S1] Rol en español\gamemodes\FZRP.pwn:5360)
[16/12/2022 09:28:30] [plugins/mysql] cache_get_value_name: field 'EnUso' not found (C:\Users\User\Desktop\FZ Roleplay [S1] Rol en español\gamemodes\FZRP.pwn:5360)
[16/12/2022 09:28:30] [plugins/mysql] cache_get_value_name: field 'EnUso' not found (C:\Users\User\Desktop\FZ Roleplay [S1] Rol en español\gamemodes\FZRP.pwn:5360)
[16/12/2022 09:28:30] [plugins/mysql] cache_get_value_name: field 'EnUso' not found (C:\Users\User\Desktop\FZ Roleplay [S1] Rol en español\gamemodes\FZRP.pwn:5360)
[16/12/2022 09:28:30] [plugins/mysql] cache_get_value_name: field 'EnUso' not found (C:\Users\User\Desktop\FZ Roleplay [S1] Rol en español\gamemodes\FZRP.pwn:5360)
[16/12/2022 09:28:30] [plugins/mysql] cache_get_value_name: field 'EnUso' not found (C:\Users\User\Desktop\FZ Roleplay [S1] Rol en español\gamemodes\FZRP.pwn:5360)
[16/12/2022 09:28:30] [plugins/mysql] cache_get_value_name: field 'EnUso' not found (C:\Users\User\Desktop\FZ Roleplay [S1] Rol en español\gamemodes\FZRP.pwn:5360)
[16/12/2022 09:28:30] [plugins/mysql] cache_get_value_name: field 'EnUso' not found (C:\Users\User\Desktop\FZ Roleplay [S1] Rol en español\gamemodes\FZRP.pwn:5360)
[16/12/2022 09:28:30] [plugins/mysql] cache_get_value_name: field 'EnUso' not found (C:\Users\User\Desktop\FZ Roleplay [S1] Rol en español\gamemodes\FZRP.pwn:5360)
[16/12/2022 09:28:30] [plugins/mysql] cache_get_value_name: field 'EnUso' not found (C:\Users\User\Desktop\FZ Roleplay [S1] Rol en español\gamemodes\FZRP.pwn:5360)
[16/12/2022 09:28:30] [plugins/mysql] cache_get_value_name: field 'EnUso' not found (C:\Users\User\Desktop\FZ Roleplay [S1] Rol en español\gamemodes\FZRP.pwn:5360)
[16/12/2022 09:28:30] [plugins/mysql] cache_get_value_name: field 'EnUso' not found (C:\Users\User\Desktop\FZ Roleplay [S1] Rol en español\gamemodes\FZRP.pwn:5360)
[16/12/2022 09:28:30] [plugins/mysql] cache_get_value_name: field 'EnUso' not found (C:\Users\User\Desktop\FZ Roleplay [S1] Rol en español\gamemodes\FZRP.pwn:5360)
[16/12/2022 09:28:30] [plugins/mysql] cache_get_value_name: field 'EnUso' not found (C:\Users\User\Desktop\FZ Roleplay [S1] Rol en español\gamemodes\FZRP.pwn:5360)
[16/12/2022 09:28:30] [plugins/mysql] cache_get_value_name: field 'EnUso' not found (C:\Users\User\Desktop\FZ Roleplay [S1] Rol en español\gamemodes\FZRP.pwn:5360)
[16/12/2022 09:28:30] [plugins/mysql] cache_get_value_name: field 'EnUso' not found (C:\Users\User\Desktop\FZ Roleplay [S1] Rol en español\gamemodes\FZRP.pwn:5360)
[16/12/2022 09:28:30] [plugins/mysql] cache_get_value_name: field 'EnUso' not found (C:\Users\User\Desktop\FZ Roleplay [S1] Rol en español\gamemodes\FZRP.pwn:5360)
[16/12/2022 09:28:30] [plugins/mysql] cache_get_value_name: field 'EnUso' not found (C:\Users\User\Desktop\FZ Roleplay [S1] Rol en español\gamemodes\FZRP.pwn:5360)
[16/12/2022 09:28:30] [plugins/mysql] cache_get_value_name: field 'EnUso' not found (C:\Users\User\Desktop\FZ Roleplay [S1] Rol en español\gamemodes\FZRP.pwn:5360)
[16/12/2022 09:28:30] [plugins/mysql] cache_get_value_name: field 'EnUso' not found (C:\Users\User\Desktop\FZ Roleplay [S1] Rol en español\gamemodes\FZRP.pwn:5360)
[16/12/2022 09:28:30] [plugins/mysql] cache_get_value_name: field 'EnUso' not found (C:\Users\User\Desktop\FZ Roleplay [S1] Rol en español\gamemodes\FZRP.pwn:5360)
[16/12/2022 09:28:30] [plugins/mysql] cache_get_value_name: field 'EnUso' not found (C:\Users\User\Desktop\FZ Roleplay [S1] Rol en español\gamemodes\FZRP.pwn:5360)
[16/12/2022 09:28:30] [plugins/mysql] cache_get_value_name: field 'EnUso' not found (C:\Users\User\Desktop\FZ Roleplay [S1] Rol en español\gamemodes\FZRP.pwn:5360)
[16/12/2022 09:28:30] [plugins/mysql] cache_get_value_name: field 'EnUso' not found (C:\Users\User\Desktop\FZ Roleplay [S1] Rol en español\gamemodes\FZRP.pwn:5360)
[16/12/2022 09:28:30] [plugins/mysql] cache_get_value_name: field 'EnUso' not found (C:\Users\User\Desktop\FZ Roleplay [S1] Rol en español\gamemodes\FZRP.pwn:5360)
[16/12/2022 09:28:30] [plugins/mysql] cache_get_value_name: field 'EnUso' not found (C:\Users\User\Desktop\FZ Roleplay [S1] Rol en español\gamemodes\FZRP.pwn:5360)
[16/12/2022 09:28:30] [plugins/mysql] cache_get_value_name: field 'EnUso' not found (C:\Users\User\Desktop\FZ Roleplay [S1] Rol en español\gamemodes\FZRP.pwn:5360)
[16/12/2022 09:28:30] [plugins/mysql] cache_get_value_name: field 'EnUso' not found (C:\Users\User\Desktop\FZ Roleplay [S1] Rol en español\gamemodes\FZRP.pwn:5360)
[16/12/2022 09:28:30] [plugins/mysql] cache_get_value_name: field 'EnUso' not found (C:\Users\User\Desktop\FZ Roleplay [S1] Rol en español\gamemodes\FZRP.pwn:5360)
[16/12/2022 09:28:30] [plugins/mysql] cache_get_value_name: field 'EnUso' not found (C:\Users\User\Desktop\FZ Roleplay [S1] Rol en español\gamemodes\FZRP.pwn:5360)
[16/12/2022 09:28:30] [plugins/mysql] cache_get_value_name: field 'EnUso' not found (C:\Users\User\Desktop\FZ Roleplay [S1] Rol en español\gamemodes\FZRP.pwn:5360)
[16/12/2022 09:28:30] [plugins/mysql] cache_get_value_name: field 'EnUso' not found (C:\Users\User\Desktop\FZ Roleplay [S1] Rol en español\gamemodes\FZRP.pwn:5360)
[16/12/2022 09:28:30] [plugins/mysql] cache_get_value_name: field 'EnUso' not found (C:\Users\User\Desktop\FZ Roleplay [S1] Rol en español\gamemodes\FZRP.pwn:5360)
[16/12/2022 09:28:30] [plugins/mysql] cache_get_value_name: field 'EnUso' not found (C:\Users\User\Desktop\FZ Roleplay [S1] Rol en español\gamemodes\FZRP.pwn:5360)
[16/12/2022 09:28:30] [plugins/mysql] cache_get_value_name: field 'EnUso' not found (C:\Users\User\Desktop\FZ Roleplay [S1] Rol en español\gamemodes\FZRP.pwn:5360)
[16/12/2022 09:28:30] [plugins/mysql] cache_get_value_name: field 'EnUso' not found (C:\Users\User\Desktop\FZ Roleplay [S1] Rol en español\gamemodes\FZRP.pwn:5360)
[16/12/2022 09:28:30] [plugins/mysql] cache_get_value_name: field 'EnUso' not found (C:\Users\User\Desktop\FZ Roleplay [S1] Rol en español\gamemodes\FZRP.pwn:5360)
[16/12/2022 09:28:30] [plugins/mysql] cache_get_value_name: field 'EnUso' not found (C:\Users\User\Desktop\FZ Roleplay [S1] Rol en español\gamemodes\FZRP.pwn:5360)
[16/12/2022 09:28:30] [plugins/mysql] cache_get_value_name: field 'EnUso' not found (C:\Users\User\Desktop\FZ Roleplay [S1] Rol en español\gamemodes\FZRP.pwn:5360)
[16/12/2022 09:28:30] [plugins/mysql] cache_get_value_name: field 'EnUso' not found (C:\Users\User\Desktop\FZ Roleplay [S1] Rol en español\gamemodes\FZRP.pwn:5360)
[16/12/2022 09:28:30] [plugins/mysql] cache_get_value_name: field 'EnUso' not found (C:\Users\User\Desktop\FZ Roleplay [S1] Rol en español\gamemodes\FZRP.pwn:5360)
[16/12/2022 09:28:30] [plugins/mysql] cache_get_value_name: field 'EnUso' not found (C:\Users\User\Desktop\FZ Roleplay [S1] Rol en español\gamemodes\FZRP.pwn:5360)
[16/12/2022 09:28:30] [plugins/mysql] cache_get_value_name: field 'EnUso' not found (C:\Users\User\Desktop\FZ Roleplay [S1] Rol en español\gamemodes\FZRP.pwn:5360)
[16/12/2022 09:28:30] [plugins/mysql] cache_get_value_name: field 'EnUso' not found (C:\Users\User\Desktop\FZ Roleplay [S1] Rol en español\gamemodes\FZRP.pwn:5360)
[16/12/2022 09:28:30] [plugins/mysql] cache_get_value_name: field 'EnUso' not found (C:\Users\User\Desktop\FZ Roleplay [S1] Rol en español\gamemodes\FZRP.pwn:5360)
[16/12/2022 09:28:30] [plugins/mysql] cache_get_value_name: field 'EnUso' not found (C:\Users\User\Desktop\FZ Roleplay [S1] Rol en español\gamemodes\FZRP.pwn:5360)
[16/12/2022 09:28:30] [plugins/mysql] cache_get_value_name: field 'EnUso' not found (C:\Users\User\Desktop\FZ Roleplay [S1] Rol en español\gamemodes\FZRP.pwn:5360)
[16/12/2022 09:29:02] [plugins/mysql] cache_get_value_name: field 'TiempoAD' not found (C:\Users\User\Desktop\FZ Roleplay [S1] Rol en español\gamemodes\FZRP.pwn:23567)
[16/12/2022 09:29:34] [plugins/mysql] error #1054 while executing query "UPDATE `usuarios` SET ExpLadron = '0', EntradaX = '276.184479', EntradaY = '121.946709', EntradaZ = '1004.617188', `TiempoAD` = '0' WHERE `Username`='Guilherme_Martinelli'": Unknown column 'TiempoAD' in 'field list' (C:\Users\User\Desktop\FZ Roleplay [S1] Rol en español\gamemodes\FZRP.pwn:15028 -> C:\Users\User\Desktop\FZ Roleplay [S1] Rol en español\gamemodes\FZRP.pwn:20160)
[16/12/2022 09:30:40] [plugins/mysql] error #1054 while executing query "UPDATE `usuarios` SET ExpLadron = '0', EntradaX = '246.427643', EntradaY = '107.326820', EntradaZ = '1003.218750', `TiempoAD` = '0' WHERE `Username`='Guilherme_Martinelli'": Unknown column 'TiempoAD' in 'field list' (C:\Users\User\Desktop\FZ Roleplay [S1] Rol en español\gamemodes\FZRP.pwn:15028 -> C:\Users\User\Desktop\FZ Roleplay [S1] Rol en español\gamemodes\FZRP.pwn:20160)
[16/12/2022 09:31:46] [plugins/mysql] error #1054 while executing query "UPDATE `usuarios` SET ExpLadron = '0', EntradaX = '246.427643', EntradaY = '107.326820', EntradaZ = '1003.218750', `TiempoAD` = '0' WHERE `Username`='Guilherme_Martinelli'": Unknown column 'TiempoAD' in 'field list' (C:\Users\User\Desktop\FZ Roleplay [S1] Rol en español\gamemodes\FZRP.pwn:15028 -> C:\Users\User\Desktop\FZ Roleplay [S1] Rol en español\gamemodes\FZRP.pwn:20160)
[16/12/2022 09:32:52] [plugins/mysql] error #1054 while executing query "UPDATE `usuarios` SET ExpLadron = '0', EntradaX = '649.285522', EntradaY = '-1360.488403', EntradaZ = '13.584255', `TiempoAD` = '0' WHERE `Username`='Guilherme_Martinelli'": Unknown column 'TiempoAD' in 'field list' (C:\Users\User\Desktop\FZ Roleplay [S1] Rol en español\gamemodes\FZRP.pwn:15028 -> C:\Users\User\Desktop\FZ Roleplay [S1] Rol en español\gamemodes\FZRP.pwn:20160)
[16/12/2022 09:33:58] [plugins/mysql] error #1054 while executing query "UPDATE `usuarios` SET ExpLadron = '0', EntradaX = '649.285522', EntradaY = '-1360.488403', EntradaZ = '13.584255', `TiempoAD` = '0' WHERE `Username`='Guilherme_Martinelli'": Unknown column 'TiempoAD' in 'field list' (C:\Users\User\Desktop\FZ Roleplay [S1] Rol en español\gamemodes\FZRP.pwn:15028 -> C:\Users\User\Desktop\FZ Roleplay [S1] Rol en español\gamemodes\FZRP.pwn:20160)
[16/12/2022 09:35:04] [plugins/mysql] error #1054 while executing query "UPDATE `usuarios` SET ExpLadron = '0', EntradaX = '649.285522', EntradaY = '-1360.488403', EntradaZ = '13.584255', `TiempoAD` = '0' WHERE `Username`='Guilherme_Martinelli'": Unknown column 'TiempoAD' in 'field list' (C:\Users\User\Desktop\FZ Roleplay [S1] Rol en español\gamemodes\FZRP.pwn:15028 -> C:\Users\User\Desktop\FZ Roleplay [S1] Rol en español\gamemodes\FZRP.pwn:20160)
[16/12/2022 09:36:10] [plugins/mysql] error #1054 while executing query "UPDATE `usuarios` SET ExpLadron = '0', EntradaX = '649.285522', EntradaY = '-1360.488403', EntradaZ = '13.584255', `TiempoAD` = '0' WHERE `Username`='Guilherme_Martinelli'": Unknown column 'TiempoAD' in 'field list' (C:\Users\User\Desktop\FZ Roleplay [S1] Rol en español\gamemodes\FZRP.pwn:15028 -> C:\Users\User\Desktop\FZ Roleplay [S1] Rol en español\gamemodes\FZRP.pwn:20160)
[16/12/2022 09:37:17] [plugins/mysql] error #1054 while executing query "UPDATE `usuarios` SET ExpLadron = '0', EntradaX = '649.285522', EntradaY = '-1360.488403', EntradaZ = '13.584255', `TiempoAD` = '0' WHERE `Username`='Guilherme_Martinelli'": Unknown column 'TiempoAD' in 'field list' (C:\Users\User\Desktop\FZ Roleplay [S1] Rol en español\gamemodes\FZRP.pwn:15028 -> C:\Users\User\Desktop\FZ Roleplay [S1] Rol en español\gamemodes\FZRP.pwn:20160)
[16/12/2022 09:38:23] [plugins/mysql] error #1054 while executing query "UPDATE `usuarios` SET ExpLadron = '0', EntradaX = '649.285522', EntradaY = '-1360.488403', EntradaZ = '13.584255', `TiempoAD` = '0' WHERE `Username`='Guilherme_Martinelli'": Unknown column 'TiempoAD' in 'field list' (C:\Users\User\Desktop\FZ Roleplay [S1] Rol en español\gamemodes\FZRP.pwn:15028 -> C:\Users\User\Desktop\FZ Roleplay [S1] Rol en español\gamemodes\FZRP.pwn:20160)
[16/12/2022 09:39:29] [plugins/mysql] error #1054 while executing query "UPDATE `usuarios` SET ExpLadron = '0', EntradaX = '649.285522', EntradaY = '-1360.488403', EntradaZ = '13.584255', `TiempoAD` = '0' WHERE `Username`='Guilherme_Martinelli'": Unknown column 'TiempoAD' in 'field list' (C:\Users\User\Desktop\FZ Roleplay [S1] Rol en español\gamemodes\FZRP.pwn:15028 -> C:\Users\User\Desktop\FZ Roleplay [S1] Rol en español\gamemodes\FZRP.pwn:20160)
[16/12/2022 09:39:29] [plugins/mysql] cache_get_value_name: field 'Color' not found (C:\Users\User\Desktop\FZ Roleplay [S1] Rol en español\gamemodes\FZRP.pwn:24783)
[16/12/2022 09:39:29] [plugins/mysql] cache_get_value_name: field 'Color' not found (C:\Users\User\Desktop\FZ Roleplay [S1] Rol en español\gamemodes\FZRP.pwn:24783)
[16/12/2022 09:39:29] [plugins/mysql] cache_get_value_name: field 'Color' not found (C:\Users\User\Desktop\FZ Roleplay [S1] Rol en español\gamemodes\FZRP.pwn:24783)
[16/12/2022 09:40:35] [plugins/mysql] error #1054 while executing query "UPDATE `usuarios` SET ExpLadron = '0', EntradaX = '649.285522', EntradaY = '-1360.488403', EntradaZ = '13.584255', `TiempoAD` = '0' WHERE `Username`='Guilherme_Martinelli'": Unknown column 'TiempoAD' in 'field list' (C:\Users\User\Desktop\FZ Roleplay [S1] Rol en español\gamemodes\FZRP.pwn:15028 -> C:\Users\User\Desktop\FZ Roleplay [S1] Rol en español\gamemodes\FZRP.pwn:20160)
[16/12/2022 09:41:41] [plugins/mysql] error #1054 while executing query "UPDATE `usuarios` SET ExpLadron = '0', EntradaX = '649.285522', EntradaY = '-1360.488403', EntradaZ = '13.584255', `TiempoAD` = '0' WHERE `Username`='Guilherme_Martinelli'": Unknown column 'TiempoAD' in 'field list' (C:\Users\User\Desktop\FZ Roleplay [S1] Rol en español\gamemodes\FZRP.pwn:15028 -> C:\Users\User\Desktop\FZ Roleplay [S1] Rol en español\gamemodes\FZRP.pwn:20160)
[16/12/2022 09:42:47] [plugins/mysql] error #1054 while executing query "UPDATE `usuarios` SET ExpLadron = '0', EntradaX = '649.285522', EntradaY = '-1360.488403', EntradaZ = '13.584255', `TiempoAD` = '0' WHERE `Username`='Guilherme_Martinelli'": Unknown column 'TiempoAD' in 'field list' (C:\Users\User\Desktop\FZ Roleplay [S1] Rol en español\gamemodes\FZRP.pwn:15028 -> C:\Users\User\Desktop\FZ Roleplay [S1] Rol en español\gamemodes\FZRP.pwn:20160)
[16/12/2022 09:43:53] [plugins/mysql] error #1054 while executing query "UPDATE `usuarios` SET ExpLadron = '0', EntradaX = '649.285522', EntradaY = '-1360.488403', EntradaZ = '13.584255', `TiempoAD` = '0' WHERE `Username`='Guilherme_Martinelli'": Unknown column 'TiempoAD' in 'field list' (C:\Users\User\Desktop\FZ Roleplay [S1] Rol en español\gamemodes\FZRP.pwn:15028 -> C:\Users\User\Desktop\FZ Roleplay [S1] Rol en español\gamemodes\FZRP.pwn:20160)
[16/12/2022 09:44:59] [plugins/mysql] error #1054 while executing query "UPDATE `usuarios` SET ExpLadron = '0', EntradaX = '649.285522', EntradaY = '-1360.488403', EntradaZ = '13.584255', `TiempoAD` = '0' WHERE `Username`='Guilherme_Martinelli'": Unknown column 'TiempoAD' in 'field list' (C:\Users\User\Desktop\FZ Roleplay [S1] Rol en español\gamemodes\FZRP.pwn:15028 -> C:\Users\User\Desktop\FZ Roleplay [S1] Rol en español\gamemodes\FZRP.pwn:20160)
[16/12/2022 09:46:05] [plugins/mysql] error #1054 while executing query "UPDATE `usuarios` SET ExpLadron = '0', EntradaX = '649.285522', EntradaY = '-1360.488403', EntradaZ = '13.584255', `TiempoAD` = '0' WHERE `Username`='Guilherme_Martinelli'": Unknown column 'TiempoAD' in 'field list' (C:\Users\User\Desktop\FZ Roleplay [S1] Rol en español\gamemodes\FZRP.pwn:15028 -> C:\Users\User\Desktop\FZ Roleplay [S1] Rol en español\gamemodes\FZRP.pwn:20160)
[16/12/2022 09:47:11] [plugins/mysql] error #1054 while executing query "UPDATE `usuarios` SET ExpLadron = '0', EntradaX = '649.285522', EntradaY = '-1360.488403', EntradaZ = '13.584255', `TiempoAD` = '0' WHERE `Username`='Guilherme_Martinelli'": Unknown column 'TiempoAD' in 'field list' (C:\Users\User\Desktop\FZ Roleplay [S1] Rol en español\gamemodes\FZRP.pwn:15028 -> C:\Users\User\Desktop\FZ Roleplay [S1] Rol en español\gamemodes\FZRP.pwn:20160)
[16/12/2022 09:48:17] [plugins/mysql] error #1054 while executing query "UPDATE `usuarios` SET ExpLadron = '0', EntradaX = '649.285522', EntradaY = '-1360.488403', EntradaZ = '13.584255', `TiempoAD` = '0' WHERE `Username`='Guilherme_Martinelli'": Unknown column 'TiempoAD' in 'field list' (C:\Users\User\Desktop\FZ Roleplay [S1] Rol en español\gamemodes\FZRP.pwn:15028 -> C:\Users\User\Desktop\FZ Roleplay [S1] Rol en español\gamemodes\FZRP.pwn:20160)
[16/12/2022 09:49:23] [plugins/mysql] error #1054 while executing query "UPDATE `usuarios` SET ExpLadron = '0', EntradaX = '498.993774', EntradaY = '-1360.408936', EntradaZ = '16.367538', `TiempoAD` = '0' WHERE `Username`='Guilherme_Martinelli'": Unknown column 'TiempoAD' in 'field list' (C:\Users\User\Desktop\FZ Roleplay [S1] Rol en español\gamemodes\FZRP.pwn:15028 -> C:\Users\User\Desktop\FZ Roleplay [S1] Rol en español\gamemodes\FZRP.pwn:20160)
[16/12/2022 09:50:28] [plugins/mysql] error #1054 while executing query "UPDATE `usuarios` SET ExpLadron = '0', EntradaX = '498.993774', EntradaY = '-1360.408936', EntradaZ = '16.367538', `TiempoAD` = '0' WHERE `Username`='Guilherme_Martinelli'": Unknown column 'TiempoAD' in 'field list' (C:\Users\User\Desktop\FZ Roleplay [S1] Rol en español\gamemodes\FZRP.pwn:15028 -> C:\Users\User\Desktop\FZ Roleplay [S1] Rol en español\gamemodes\FZRP.pwn:20160)
[16/12/2022 09:50:29] [plugins/mysql] cache_get_value_name: field 'Color' not found (C:\Users\User\Desktop\FZ Roleplay [S1] Rol en español\gamemodes\FZRP.pwn:24783)
[16/12/2022 09:50:29] [plugins/mysql] cache_get_value_name: field 'Color' not found (C:\Users\User\Desktop\FZ Roleplay [S1] Rol en español\gamemodes\FZRP.pwn:24783)
[16/12/2022 09:50:29] [plugins/mysql] cache_get_value_name: field 'Color' not found (C:\Users\User\Desktop\FZ Roleplay [S1] Rol en español\gamemodes\FZRP.pwn:24783)
[16/12/2022 09:51:35] [plugins/mysql] error #1054 while executing query "UPDATE `usuarios` SET ExpLadron = '0', EntradaX = '498.993774', EntradaY = '-1360.408936', EntradaZ = '16.367538', `TiempoAD` = '0' WHERE `Username`='Guilherme_Martinelli'": Unknown column 'TiempoAD' in 'field list' (C:\Users\User\Desktop\FZ Roleplay [S1] Rol en español\gamemodes\FZRP.pwn:15028 -> C:\Users\User\Desktop\FZ Roleplay [S1] Rol en español\gamemodes\FZRP.pwn:20160)
[16/12/2022 09:52:41] [plugins/mysql] error #1054 while executing query "UPDATE `usuarios` SET ExpLadron = '0', EntradaX = '498.993774', EntradaY = '-1360.408936', EntradaZ = '16.367538', `TiempoAD` = '0' WHERE `Username`='Guilherme_Martinelli'": Unknown column 'TiempoAD' in 'field list' (C:\Users\User\Desktop\FZ Roleplay [S1] Rol en español\gamemodes\FZRP.pwn:15028 -> C:\Users\User\Desktop\FZ Roleplay [S1] Rol en español\gamemodes\FZRP.pwn:20160)
[16/12/2022 09:53:46] [plugins/mysql] error #1054 while executing query "UPDATE `usuarios` SET ExpLadron = '0', EntradaX = '498.993774', EntradaY = '-1360.408936', EntradaZ = '16.367538', `TiempoAD` = '0' WHERE `Username`='Guilherme_Martinelli'": Unknown column 'TiempoAD' in 'field list' (C:\Users\User\Desktop\FZ Roleplay [S1] Rol en español\gamemodes\FZRP.pwn:15028 -> C:\Users\User\Desktop\FZ Roleplay [S1] Rol en español\gamemodes\FZRP.pwn:20160)
[16/12/2022 09:54:51] [plugins/mysql] error #1054 while executing query "UPDATE `usuarios` SET ExpLadron = '0', EntradaX = '498.993774', EntradaY = '-1360.408936', EntradaZ = '16.367538', `TiempoAD` = '0' WHERE `Username`='Guilherme_Martinelli'": Unknown column 'TiempoAD' in 'field list' (C:\Users\User\Desktop\FZ Roleplay [S1] Rol en español\gamemodes\FZRP.pwn:15028 -> C:\Users\User\Desktop\FZ Roleplay [S1] Rol en español\gamemodes\FZRP.pwn:20160)
[16/12/2022 09:55:57] [plugins/mysql] error #1054 while executing query "UPDATE `usuarios` SET ExpLadron = '0', EntradaX = '498.993774', EntradaY = '-1360.408936', EntradaZ = '16.367538', `TiempoAD` = '0' WHERE `Username`='Guilherme_Martinelli'": Unknown column 'TiempoAD' in 'field list' (C:\Users\User\Desktop\FZ Roleplay [S1] Rol en español\gamemodes\FZRP.pwn:15028 -> C:\Users\User\Desktop\FZ Roleplay [S1] Rol en español\gamemodes\FZRP.pwn:20160)
[16/12/2022 09:57:03] [plugins/mysql] error #1054 while executing query "UPDATE `usuarios` SET ExpLadron = '0', EntradaX = '498.993774', EntradaY = '-1360.408936', EntradaZ = '16.367538', `TiempoAD` = '0' WHERE `Username`='Guilherme_Martinelli'": Unknown column 'TiempoAD' in 'field list' (C:\Users\User\Desktop\FZ Roleplay [S1] Rol en español\gamemodes\FZRP.pwn:15028 -> C:\Users\User\Desktop\FZ Roleplay [S1] Rol en español\gamemodes\FZRP.pwn:20160)
[16/12/2022 09:58:09] [plugins/mysql] error #1054 while executing query "UPDATE `usuarios` SET ExpLadron = '0', EntradaX = '498.993774', EntradaY = '-1360.408936', EntradaZ = '16.367538', `TiempoAD` = '0' WHERE `Username`='Guilherme_Martinelli'": Unknown column 'TiempoAD' in 'field list' (C:\Users\User\Desktop\FZ Roleplay [S1] Rol en español\gamemodes\FZRP.pwn:15028 -> C:\Users\User\Desktop\FZ Roleplay [S1] Rol en español\gamemodes\FZRP.pwn:20160)
[16/12/2022 09:59:15] [plugins/mysql] error #1054 while executing query "UPDATE `usuarios` SET ExpLadron = '0', EntradaX = '498.993774', EntradaY = '-1360.408936', EntradaZ = '16.367538', `TiempoAD` = '0' WHERE `Username`='Guilherme_Martinelli'": Unknown column 'TiempoAD' in 'field list' (C:\Users\User\Desktop\FZ Roleplay [S1] Rol en español\gamemodes\FZRP.pwn:15028 -> C:\Users\User\Desktop\FZ Roleplay [S1] Rol en español\gamemodes\FZRP.pwn:20160)
[16/12/2022 10:00:21] [plugins/mysql] error #1054 while executing query "UPDATE `usuarios` SET ExpLadron = '0', EntradaX = '498.993774', EntradaY = '-1360.408936', EntradaZ = '16.367538', `TiempoAD` = '0' WHERE `Username`='Guilherme_Martinelli'": Unknown column 'TiempoAD' in 'field list' (C:\Users\User\Desktop\FZ Roleplay [S1] Rol en español\gamemodes\FZRP.pwn:15028 -> C:\Users\User\Desktop\FZ Roleplay [S1] Rol en español\gamemodes\FZRP.pwn:20160)
[16/12/2022 10:01:28] [plugins/mysql] error #1054 while executing query "UPDATE `usuarios` SET ExpLadron = '0', EntradaX = '498.993774', EntradaY = '-1360.408936', EntradaZ = '16.367538', `TiempoAD` = '0' WHERE `Username`='Guilherme_Martinelli'": Unknown column 'TiempoAD' in 'field list' (C:\Users\User\Desktop\FZ Roleplay [S1] Rol en español\gamemodes\FZRP.pwn:15028 -> C:\Users\User\Desktop\FZ Roleplay [S1] Rol en español\gamemodes\FZRP.pwn:20160)
[16/12/2022 10:01:28] [plugins/mysql] cache_get_value_name: field 'Color' not found (C:\Users\User\Desktop\FZ Roleplay [S1] Rol en español\gamemodes\FZRP.pwn:24783)
[16/12/2022 10:01:28] [plugins/mysql] cache_get_value_name: field 'Color' not found (C:\Users\User\Desktop\FZ Roleplay [S1] Rol en español\gamemodes\FZRP.pwn:24783)
[16/12/2022 10:01:28] [plugins/mysql] cache_get_value_name: field 'Color' not found (C:\Users\User\Desktop\FZ Roleplay [S1] Rol en español\gamemodes\FZRP.pwn:24783)
[16/12/2022 10:02:34] [plugins/mysql] error #1054 while executing query "UPDATE `usuarios` SET ExpLadron = '0', EntradaX = '498.993774', EntradaY = '-1360.408936', EntradaZ = '16.367538', `TiempoAD` = '0' WHERE `Username`='Guilherme_Martinelli'": Unknown column 'TiempoAD' in 'field list' (C:\Users\User\Desktop\FZ Roleplay [S1] Rol en español\gamemodes\FZRP.pwn:15028 -> C:\Users\User\Desktop\FZ Roleplay [S1] Rol en español\gamemodes\FZRP.pwn:20160)
[16/12/2022 10:03:40] [plugins/mysql] error #1054 while executing query "UPDATE `usuarios` SET ExpLadron = '0', EntradaX = '498.993774', EntradaY = '-1360.408936', EntradaZ = '16.367538', `TiempoAD` = '0' WHERE `Username`='Guilherme_Martinelli'": Unknown column 'TiempoAD' in 'field list' (C:\Users\User\Desktop\FZ Roleplay [S1] Rol en español\gamemodes\FZRP.pwn:15028 -> C:\Users\User\Desktop\FZ Roleplay [S1] Rol en español\gamemodes\FZRP.pwn:20160)
[16/12/2022 10:04:46] [plugins/mysql] error #1054 while executing query "UPDATE `usuarios` SET ExpLadron = '0', EntradaX = '498.993774', EntradaY = '-1360.408936', EntradaZ = '16.367538', `TiempoAD` = '0' WHERE `Username`='Guilherme_Martinelli'": Unknown column 'TiempoAD' in 'field list' (C:\Users\User\Desktop\FZ Roleplay [S1] Rol en español\gamemodes\FZRP.pwn:15028 -> C:\Users\User\Desktop\FZ Roleplay [S1] Rol en español\gamemodes\FZRP.pwn:20160)
[16/12/2022 10:05:52] [plugins/mysql] error #1054 while executing query "UPDATE `usuarios` SET ExpLadron = '0', EntradaX = '498.993774', EntradaY = '-1360.408936', EntradaZ = '16.367538', `TiempoAD` = '0' WHERE `Username`='Guilherme_Martinelli'": Unknown column 'TiempoAD' in 'field list' (C:\Users\User\Desktop\FZ Roleplay [S1] Rol en español\gamemodes\FZRP.pwn:15028 -> C:\Users\User\Desktop\FZ Roleplay [S1] Rol en español\gamemodes\FZRP.pwn:20160)
[16/12/2022 10:06:58] [plugins/mysql] error #1054 while executing query "UPDATE `usuarios` SET ExpLadron = '0', EntradaX = '498.993774', EntradaY = '-1360.408936', EntradaZ = '16.367538', `TiempoAD` = '0' WHERE `Username`='Guilherme_Martinelli'": Unknown column 'TiempoAD' in 'field list' (C:\Users\User\Desktop\FZ Roleplay [S1] Rol en español\gamemodes\FZRP.pwn:15028 -> C:\Users\User\Desktop\FZ Roleplay [S1] Rol en español\gamemodes\FZRP.pwn:20160)
[16/12/2022 10:08:03] [plugins/mysql] error #1054 while executing query "UPDATE `usuarios` SET ExpLadron = '0', EntradaX = '498.993774', EntradaY = '-1360.408936', EntradaZ = '16.367538', `TiempoAD` = '0' WHERE `Username`='Guilherme_Martinelli'": Unknown column 'TiempoAD' in 'field list' (C:\Users\User\Desktop\FZ Roleplay [S1] Rol en español\gamemodes\FZRP.pwn:15028 -> C:\Users\User\Desktop\FZ Roleplay [S1] Rol en español\gamemodes\FZRP.pwn:20160)
[16/12/2022 10:09:09] [plugins/mysql] error #1054 while executing query "UPDATE `usuarios` SET ExpLadron = '0', EntradaX = '498.993774', EntradaY = '-1360.408936', EntradaZ = '16.367538', `TiempoAD` = '0' WHERE `Username`='Guilherme_Martinelli'": Unknown column 'TiempoAD' in 'field list' (C:\Users\User\Desktop\FZ Roleplay [S1] Rol en español\gamemodes\FZRP.pwn:15028 -> C:\Users\User\Desktop\FZ Roleplay [S1] Rol en español\gamemodes\FZRP.pwn:20160)
[16/12/2022 10:10:15] [plugins/mysql] error #1054 while executing query "UPDATE `usuarios` SET ExpLadron = '0', EntradaX = '498.993774', EntradaY = '-1360.408936', EntradaZ = '16.367538', `TiempoAD` = '0' WHERE `Username`='Guilherme_Martinelli'": Unknown column 'TiempoAD' in 'field list' (C:\Users\User\Desktop\FZ Roleplay [S1] Rol en español\gamemodes\FZRP.pwn:15028 -> C:\Users\User\Desktop\FZ Roleplay [S1] Rol en español\gamemodes\FZRP.pwn:20160)
[16/12/2022 10:11:20] [plugins/mysql] error #1054 while executing query "UPDATE `usuarios` SET ExpLadron = '0', EntradaX = '498.993774', EntradaY = '-1360.408936', EntradaZ = '16.367538', `TiempoAD` = '0' WHERE `Username`='Guilherme_Martinelli'": Unknown column 'TiempoAD' in 'field list' (C:\Users\User\Desktop\FZ Roleplay [S1] Rol en español\gamemodes\FZRP.pwn:15028 -> C:\Users\User\Desktop\FZ Roleplay [S1] Rol en español\gamemodes\FZRP.pwn:20160)
[16/12/2022 10:12:25] [plugins/mysql] error #1054 while executing query "UPDATE `usuarios` SET ExpLadron = '0', EntradaX = '498.993774', EntradaY = '-1360.408936', EntradaZ = '16.367538', `TiempoAD` = '0' WHERE `Username`='Guilherme_Martinelli'": Unknown column 'TiempoAD' in 'field list' (C:\Users\User\Desktop\FZ Roleplay [S1] Rol en español\gamemodes\FZRP.pwn:15028 -> C:\Users\User\Desktop\FZ Roleplay [S1] Rol en español\gamemodes\FZRP.pwn:20160)
[16/12/2022 10:12:26] [plugins/mysql] cache_get_value_name: field 'Color' not found (C:\Users\User\Desktop\FZ Roleplay [S1] Rol en español\gamemodes\FZRP.pwn:24783)
[16/12/2022 10:12:26] [plugins/mysql] cache_get_value_name: field 'Color' not found (C:\Users\User\Desktop\FZ Roleplay [S1] Rol en español\gamemodes\FZRP.pwn:24783)
[16/12/2022 10:12:26] [plugins/mysql] cache_get_value_name: field 'Color' not found (C:\Users\User\Desktop\FZ Roleplay [S1] Rol en español\gamemodes\FZRP.pwn:24783)
[16/12/2022 10:13:31] [plugins/mysql] error #1054 while executing query "UPDATE `usuarios` SET ExpLadron = '0', EntradaX = '498.993774', EntradaY = '-1360.408936', EntradaZ = '16.367538', `TiempoAD` = '0' WHERE `Username`='Guilherme_Martinelli'": Unknown column 'TiempoAD' in 'field list' (C:\Users\User\Desktop\FZ Roleplay [S1] Rol en español\gamemodes\FZRP.pwn:15028 -> C:\Users\User\Desktop\FZ Roleplay [S1] Rol en español\gamemodes\FZRP.pwn:20160)
[16/12/2022 10:14:37] [plugins/mysql] error #1054 while executing query "UPDATE `usuarios` SET ExpLadron = '0', EntradaX = '498.993774', EntradaY = '-1360.408936', EntradaZ = '16.367538', `TiempoAD` = '0' WHERE `Username`='Guilherme_Martinelli'": Unknown column 'TiempoAD' in 'field list' (C:\Users\User\Desktop\FZ Roleplay [S1] Rol en español\gamemodes\FZRP.pwn:15028 -> C:\Users\User\Desktop\FZ Roleplay [S1] Rol en español\gamemodes\FZRP.pwn:20160)
[16/12/2022 10:15:43] [plugins/mysql] error #1054 while executing query "UPDATE `usuarios` SET ExpLadron = '0', EntradaX = '498.993774', EntradaY = '-1360.408936', EntradaZ = '16.367538', `TiempoAD` = '0' WHERE `Username`='Guilherme_Martinelli'": Unknown column 'TiempoAD' in 'field list' (C:\Users\User\Desktop\FZ Roleplay [S1] Rol en español\gamemodes\FZRP.pwn:15028 -> C:\Users\User\Desktop\FZ Roleplay [S1] Rol en español\gamemodes\FZRP.pwn:20160)
[16/12/2022 10:16:49] [plugins/mysql] error #1054 while executing query "UPDATE `usuarios` SET ExpLadron = '0', EntradaX = '498.993774', EntradaY = '-1360.408936', EntradaZ = '16.367538', `TiempoAD` = '0' WHERE `Username`='Guilherme_Martinelli'": Unknown column 'TiempoAD' in 'field list' (C:\Users\User\Desktop\FZ Roleplay [S1] Rol en español\gamemodes\FZRP.pwn:15028 -> C:\Users\User\Desktop\FZ Roleplay [S1] Rol en español\gamemodes\FZRP.pwn:20160)
[16/12/2022 10:17:55] [plugins/mysql] error #1054 while executing query "UPDATE `usuarios` SET ExpLadron = '0', EntradaX = '498.993774', EntradaY = '-1360.408936', EntradaZ = '16.367538', `TiempoAD` = '0' WHERE `Username`='Guilherme_Martinelli'": Unknown column 'TiempoAD' in 'field list' (C:\Users\User\Desktop\FZ Roleplay [S1] Rol en español\gamemodes\FZRP.pwn:15028 -> C:\Users\User\Desktop\FZ Roleplay [S1] Rol en español\gamemodes\FZRP.pwn:20160)
[16/12/2022 10:19:01] [plugins/mysql] error #1054 while executing query "UPDATE `usuarios` SET ExpLadron = '0', EntradaX = '498.993774', EntradaY = '-1360.408936', EntradaZ = '16.367538', `TiempoAD` = '0' WHERE `Username`='Guilherme_Martinelli'": Unknown column 'TiempoAD' in 'field list' (C:\Users\User\Desktop\FZ Roleplay [S1] Rol en español\gamemodes\FZRP.pwn:15028 -> C:\Users\User\Desktop\FZ Roleplay [S1] Rol en español\gamemodes\FZRP.pwn:20160)
[16/12/2022 10:20:07] [plugins/mysql] error #1054 while executing query "UPDATE `usuarios` SET ExpLadron = '0', EntradaX = '498.993774', EntradaY = '-1360.408936', EntradaZ = '16.367538', `TiempoAD` = '0' WHERE `Username`='Guilherme_Martinelli'": Unknown column 'TiempoAD' in 'field list' (C:\Users\User\Desktop\FZ Roleplay [S1] Rol en español\gamemodes\FZRP.pwn:15028 -> C:\Users\User\Desktop\FZ Roleplay [S1] Rol en español\gamemodes\FZRP.pwn:20160)
[16/12/2022 10:21:13] [plugins/mysql] error #1054 while executing query "UPDATE `usuarios` SET ExpLadron = '0', EntradaX = '498.993774', EntradaY = '-1360.408936', EntradaZ = '16.367538', `TiempoAD` = '0' WHERE `Username`='Guilherme_Martinelli'": Unknown column 'TiempoAD' in 'field list' (C:\Users\User\Desktop\FZ Roleplay [S1] Rol en español\gamemodes\FZRP.pwn:15028 -> C:\Users\User\Desktop\FZ Roleplay [S1] Rol en español\gamemodes\FZRP.pwn:20160)
[16/12/2022 10:22:19] [plugins/mysql] error #1054 while executing query "UPDATE `usuarios` SET ExpLadron = '0', EntradaX = '498.993774', EntradaY = '-1360.408936', EntradaZ = '16.367538', `TiempoAD` = '0' WHERE `Username`='Guilherme_Martinelli'": Unknown column 'TiempoAD' in 'field list' (C:\Users\User\Desktop\FZ Roleplay [S1] Rol en español\gamemodes\FZRP.pwn:15028 -> C:\Users\User\Desktop\FZ Roleplay [S1] Rol en español\gamemodes\FZRP.pwn:20160)
[16/12/2022 10:23:25] [plugins/mysql] error #1054 while executing query "UPDATE `usuarios` SET ExpLadron = '0', EntradaX = '498.993774', EntradaY = '-1360.408936', EntradaZ = '16.367538', `TiempoAD` = '0' WHERE `Username`='Guilherme_Martinelli'": Unknown column 'TiempoAD' in 'field list' (C:\Users\User\Desktop\FZ Roleplay [S1] Rol en español\gamemodes\FZRP.pwn:15028 -> C:\Users\User\Desktop\FZ Roleplay [S1] Rol en español\gamemodes\FZRP.pwn:20160)
[16/12/2022 10:23:27] [plugins/mysql] cache_get_value_name: field 'Color' not found (C:\Users\User\Desktop\FZ Roleplay [S1] Rol en español\gamemodes\FZRP.pwn:24783)
[16/12/2022 10:23:27] [plugins/mysql] cache_get_value_name: field 'Color' not found (C:\Users\User\Desktop\FZ Roleplay [S1] Rol en español\gamemodes\FZRP.pwn:24783)
[16/12/2022 10:23:27] [plugins/mysql] cache_get_value_name: field 'Color' not found (C:\Users\User\Desktop\FZ Roleplay [S1] Rol en español\gamemodes\FZRP.pwn:24783)
[16/12/2022 10:24:32] [plugins/mysql] error #1054 while executing query "UPDATE `usuarios` SET ExpLadron = '0', EntradaX = '498.993774', EntradaY = '-1360.408936', EntradaZ = '16.367538', `TiempoAD` = '0' WHERE `Username`='Guilherme_Martinelli'": Unknown column 'TiempoAD' in 'field list' (C:\Users\User\Desktop\FZ Roleplay [S1] Rol en español\gamemodes\FZRP.pwn:15028 -> C:\Users\User\Desktop\FZ Roleplay [S1] Rol en español\gamemodes\FZRP.pwn:20160)
[16/12/2022 10:25:38] [plugins/mysql] error #1054 while executing query "UPDATE `usuarios` SET ExpLadron = '0', EntradaX = '498.993774', EntradaY = '-1360.408936', EntradaZ = '16.367538', `TiempoAD` = '0' WHERE `Username`='Guilherme_Martinelli'": Unknown column 'TiempoAD' in 'field list' (C:\Users\User\Desktop\FZ Roleplay [S1] Rol en español\gamemodes\FZRP.pwn:15028 -> C:\Users\User\Desktop\FZ Roleplay [S1] Rol en español\gamemodes\FZRP.pwn:20160)
[16/12/2022 10:26:43] [plugins/mysql] error #1054 while executing query "UPDATE `usuarios` SET ExpLadron = '0', EntradaX = '498.993774', EntradaY = '-1360.408936', EntradaZ = '16.367538', `TiempoAD` = '0' WHERE `Username`='Guilherme_Martinelli'": Unknown column 'TiempoAD' in 'field list' (C:\Users\User\Desktop\FZ Roleplay [S1] Rol en español\gamemodes\FZRP.pwn:15028 -> C:\Users\User\Desktop\FZ Roleplay [S1] Rol en español\gamemodes\FZRP.pwn:20160)
[16/12/2022 10:27:49] [plugins/mysql] error #1054 while executing query "UPDATE `usuarios` SET ExpLadron = '0', EntradaX = '498.993774', EntradaY = '-1360.408936', EntradaZ = '16.367538', `TiempoAD` = '0' WHERE `Username`='Guilherme_Martinelli'": Unknown column 'TiempoAD' in 'field list' (C:\Users\User\Desktop\FZ Roleplay [S1] Rol en español\gamemodes\FZRP.pwn:15028 -> C:\Users\User\Desktop\FZ Roleplay [S1] Rol en español\gamemodes\FZRP.pwn:20160)
[16/12/2022 10:28:55] [plugins/mysql] error #1054 while executing query "UPDATE `usuarios` SET ExpLadron = '0', EntradaX = '498.993774', EntradaY = '-1360.408936', EntradaZ = '16.367538', `TiempoAD` = '0' WHERE `Username`='Guilherme_Martinelli'": Unknown column 'TiempoAD' in 'field list' (C:\Users\User\Desktop\FZ Roleplay [S1] Rol en español\gamemodes\FZRP.pwn:15028 -> C:\Users\User\Desktop\FZ Roleplay [S1] Rol en español\gamemodes\FZRP.pwn:20160)
[16/12/2022 10:30:01] [plugins/mysql] error #1054 while executing query "UPDATE `usuarios` SET ExpLadron = '0', EntradaX = '498.993774', EntradaY = '-1360.408936', EntradaZ = '16.367538', `TiempoAD` = '0' WHERE `Username`='Guilherme_Martinelli'": Unknown column 'TiempoAD' in 'field list' (C:\Users\User\Desktop\FZ Roleplay [S1] Rol en español\gamemodes\FZRP.pwn:15028 -> C:\Users\User\Desktop\FZ Roleplay [S1] Rol en español\gamemodes\FZRP.pwn:20160)
[16/12/2022 10:31:06] [plugins/mysql] error #1054 while executing query "UPDATE `usuarios` SET ExpLadron = '0', EntradaX = '498.993774', EntradaY = '-1360.408936', EntradaZ = '16.367538', `TiempoAD` = '0' WHERE `Username`='Guilherme_Martinelli'": Unknown column 'TiempoAD' in 'field list' (C:\Users\User\Desktop\FZ Roleplay [S1] Rol en español\gamemodes\FZRP.pwn:15028 -> C:\Users\User\Desktop\FZ Roleplay [S1] Rol en español\gamemodes\FZRP.pwn:20160)
[16/12/2022 10:32:12] [plugins/mysql] error #1054 while executing query "UPDATE `usuarios` SET ExpLadron = '0', EntradaX = '498.993774', EntradaY = '-1360.408936', EntradaZ = '16.367538', `TiempoAD` = '0' WHERE `Username`='Guilherme_Martinelli'": Unknown column 'TiempoAD' in 'field list' (C:\Users\User\Desktop\FZ Roleplay [S1] Rol en español\gamemodes\FZRP.pwn:15028 -> C:\Users\User\Desktop\FZ Roleplay [S1] Rol en español\gamemodes\FZRP.pwn:20160)
[16/12/2022 10:33:18] [plugins/mysql] error #1054 while executing query "UPDATE `usuarios` SET ExpLadron = '0', EntradaX = '498.993774', EntradaY = '-1360.408936', EntradaZ = '16.367538', `TiempoAD` = '0' WHERE `Username`='Guilherme_Martinelli'": Unknown column 'TiempoAD' in 'field list' (C:\Users\User\Desktop\FZ Roleplay [S1] Rol en español\gamemodes\FZRP.pwn:15028 -> C:\Users\User\Desktop\FZ Roleplay [S1] Rol en español\gamemodes\FZRP.pwn:20160)
[16/12/2022 10:34:24] [plugins/mysql] error #1054 while executing query "UPDATE `usuarios` SET ExpLadron = '0', EntradaX = '498.993774', EntradaY = '-1360.408936', EntradaZ = '16.367538', `TiempoAD` = '0' WHERE `Username`='Guilherme_Martinelli'": Unknown column 'TiempoAD' in 'field list' (C:\Users\User\Desktop\FZ Roleplay [S1] Rol en español\gamemodes\FZRP.pwn:15028 -> C:\Users\User\Desktop\FZ Roleplay [S1] Rol en español\gamemodes\FZRP.pwn:20160)
[16/12/2022 10:34:27] [plugins/mysql] cache_get_value_name: field 'Color' not found (C:\Users\User\Desktop\FZ Roleplay [S1] Rol en español\gamemodes\FZRP.pwn:24783)
[16/12/2022 10:34:27] [plugins/mysql] cache_get_value_name: field 'Color' not found (C:\Users\User\Desktop\FZ Roleplay [S1] Rol en español\gamemodes\FZRP.pwn:24783)
[16/12/2022 10:34:27] [plugins/mysql] cache_get_value_name: field 'Color' not found (C:\Users\User\Desktop\FZ Roleplay [S1] Rol en español\gamemodes\FZRP.pwn:24783)
[16/12/2022 10:35:31] [plugins/mysql] error #1054 while executing query "UPDATE `usuarios` SET ExpLadron = '0', EntradaX = '498.993774', EntradaY = '-1360.408936', EntradaZ = '16.367538', `TiempoAD` = '0' WHERE `Username`='Guilherme_Martinelli'": Unknown column 'TiempoAD' in 'field list' (C:\Users\User\Desktop\FZ Roleplay [S1] Rol en español\gamemodes\FZRP.pwn:15028 -> C:\Users\User\Desktop\FZ Roleplay [S1] Rol en español\gamemodes\FZRP.pwn:20160)
[16/12/2022 10:36:37] [plugins/mysql] error #1054 while executing query "UPDATE `usuarios` SET ExpLadron = '0', EntradaX = '498.993774', EntradaY = '-1360.408936', EntradaZ = '16.367538', `TiempoAD` = '0' WHERE `Username`='Guilherme_Martinelli'": Unknown column 'TiempoAD' in 'field list' (C:\Users\User\Desktop\FZ Roleplay [S1] Rol en español\gamemodes\FZRP.pwn:15028 -> C:\Users\User\Desktop\FZ Roleplay [S1] Rol en español\gamemodes\FZRP.pwn:20160)
[16/12/2022 10:37:42] [plugins/mysql] error #1054 while executing query "UPDATE `usuarios` SET ExpLadron = '0', EntradaX = '498.993774', EntradaY = '-1360.408936', EntradaZ = '16.367538', `TiempoAD` = '0' WHERE `Username`='Guilherme_Martinelli'": Unknown column 'TiempoAD' in 'field list' (C:\Users\User\Desktop\FZ Roleplay [S1] Rol en español\gamemodes\FZRP.pwn:15028 -> C:\Users\User\Desktop\FZ Roleplay [S1] Rol en español\gamemodes\FZRP.pwn:20160)
[16/12/2022 10:38:48] [plugins/mysql] error #1054 while executing query "UPDATE `usuarios` SET ExpLadron = '0', EntradaX = '498.993774', EntradaY = '-1360.408936', EntradaZ = '16.367538', `TiempoAD` = '0' WHERE `Username`='Guilherme_Martinelli'": Unknown column 'TiempoAD' in 'field list' (C:\Users\User\Desktop\FZ Roleplay [S1] Rol en español\gamemodes\FZRP.pwn:15028 -> C:\Users\User\Desktop\FZ Roleplay [S1] Rol en español\gamemodes\FZRP.pwn:20160)
[16/12/2022 10:39:54] [plugins/mysql] error #1054 while executing query "UPDATE `usuarios` SET ExpLadron = '0', EntradaX = '498.993774', EntradaY = '-1360.408936', EntradaZ = '16.367538', `TiempoAD` = '0' WHERE `Username`='Guilherme_Martinelli'": Unknown column 'TiempoAD' in 'field list' (C:\Users\User\Desktop\FZ Roleplay [S1] Rol en español\gamemodes\FZRP.pwn:15028 -> C:\Users\User\Desktop\FZ Roleplay [S1] Rol en español\gamemodes\FZRP.pwn:20160)
[16/12/2022 10:41:00] [plugins/mysql] error #1054 while executing query "UPDATE `usuarios` SET ExpLadron = '0', EntradaX = '498.993774', EntradaY = '-1360.408936', EntradaZ = '16.367538', `TiempoAD` = '0' WHERE `Username`='Guilherme_Martinelli'": Unknown column 'TiempoAD' in 'field list' (C:\Users\User\Desktop\FZ Roleplay [S1] Rol en español\gamemodes\FZRP.pwn:15028 -> C:\Users\User\Desktop\FZ Roleplay [S1] Rol en español\gamemodes\FZRP.pwn:20160)
[16/12/2022 10:42:06] [plugins/mysql] error #1054 while executing query "UPDATE `usuarios` SET ExpLadron = '0', EntradaX = '498.993774', EntradaY = '-1360.408936', EntradaZ = '16.367538', `TiempoAD` = '0' WHERE `Username`='Guilherme_Martinelli'": Unknown column 'TiempoAD' in 'field list' (C:\Users\User\Desktop\FZ Roleplay [S1] Rol en español\gamemodes\FZRP.pwn:15028 -> C:\Users\User\Desktop\FZ Roleplay [S1] Rol en español\gamemodes\FZRP.pwn:20160)
[16/12/2022 10:43:11] [plugins/mysql] error #1054 while executing query "UPDATE `usuarios` SET ExpLadron = '0', EntradaX = '498.993774', EntradaY = '-1360.408936', EntradaZ = '16.367538', `TiempoAD` = '0' WHERE `Username`='Guilherme_Martinelli'": Unknown column 'TiempoAD' in 'field list' (C:\Users\User\Desktop\FZ Roleplay [S1] Rol en español\gamemodes\FZRP.pwn:15028 -> C:\Users\User\Desktop\FZ Roleplay [S1] Rol en español\gamemodes\FZRP.pwn:20160)
[16/12/2022 10:44:17] [plugins/mysql] error #1054 while executing query "UPDATE `usuarios` SET ExpLadron = '0', EntradaX = '498.993774', EntradaY = '-1360.408936', EntradaZ = '16.367538', `TiempoAD` = '0' WHERE `Username`='Guilherme_Martinelli'": Unknown column 'TiempoAD' in 'field list' (C:\Users\User\Desktop\FZ Roleplay [S1] Rol en español\gamemodes\FZRP.pwn:15028 -> C:\Users\User\Desktop\FZ Roleplay [S1] Rol en español\gamemodes\FZRP.pwn:20160)
[16/12/2022 10:45:23] [plugins/mysql] error #1054 while executing query "UPDATE `usuarios` SET ExpLadron = '0', EntradaX = '498.993774', EntradaY = '-1360.408936', EntradaZ = '16.367538', `TiempoAD` = '0' WHERE `Username`='Guilherme_Martinelli'": Unknown column 'TiempoAD' in 'field list' (C:\Users\User\Desktop\FZ Roleplay [S1] Rol en español\gamemodes\FZRP.pwn:15028 -> C:\Users\User\Desktop\FZ Roleplay [S1] Rol en español\gamemodes\FZRP.pwn:20160)
[16/12/2022 10:45:25] [plugins/mysql] cache_get_value_name: field 'Color' not found (C:\Users\User\Desktop\FZ Roleplay [S1] Rol en español\gamemodes\FZRP.pwn:24783)
[16/12/2022 10:45:25] [plugins/mysql] cache_get_value_name: field 'Color' not found (C:\Users\User\Desktop\FZ Roleplay [S1] Rol en español\gamemodes\FZRP.pwn:24783)
[16/12/2022 10:45:25] [plugins/mysql] cache_get_value_name: field 'Color' not found (C:\Users\User\Desktop\FZ Roleplay [S1] Rol en español\gamemodes\FZRP.pwn:24783)
[16/12/2022 10:46:28] [plugins/mysql] error #1054 while executing query "UPDATE `usuarios` SET ExpLadron = '0', EntradaX = '498.993774', EntradaY = '-1360.408936', EntradaZ = '16.367538', `TiempoAD` = '0' WHERE `Username`='Guilherme_Martinelli'": Unknown column 'TiempoAD' in 'field list' (C:\Users\User\Desktop\FZ Roleplay [S1] Rol en español\gamemodes\FZRP.pwn:15028 -> C:\Users\User\Desktop\FZ Roleplay [S1] Rol en español\gamemodes\FZRP.pwn:20160)
[16/12/2022 10:47:34] [plugins/mysql] error #1054 while executing query "UPDATE `usuarios` SET ExpLadron = '0', EntradaX = '498.993774', EntradaY = '-1360.408936', EntradaZ = '16.367538', `TiempoAD` = '0' WHERE `Username`='Guilherme_Martinelli'": Unknown column 'TiempoAD' in 'field list' (C:\Users\User\Desktop\FZ Roleplay [S1] Rol en español\gamemodes\FZRP.pwn:15028 -> C:\Users\User\Desktop\FZ Roleplay [S1] Rol en español\gamemodes\FZRP.pwn:20160)
[16/12/2022 10:48:41] [plugins/mysql] error #1054 while executing query "UPDATE `usuarios` SET ExpLadron = '0', EntradaX = '498.993774', EntradaY = '-1360.408936', EntradaZ = '16.367538', `TiempoAD` = '0' WHERE `Username`='Guilherme_Martinelli'": Unknown column 'TiempoAD' in 'field list' (C:\Users\User\Desktop\FZ Roleplay [S1] Rol en español\gamemodes\FZRP.pwn:15028 -> C:\Users\User\Desktop\FZ Roleplay [S1] Rol en español\gamemodes\FZRP.pwn:20160)
[16/12/2022 10:49:47] [plugins/mysql] error #1054 while executing query "UPDATE `usuarios` SET ExpLadron = '0', EntradaX = '498.993774', EntradaY = '-1360.408936', EntradaZ = '16.367538', `TiempoAD` = '0' WHERE `Username`='Guilherme_Martinelli'": Unknown column 'TiempoAD' in 'field list' (C:\Users\User\Desktop\FZ Roleplay [S1] Rol en español\gamemodes\FZRP.pwn:15028 -> C:\Users\User\Desktop\FZ Roleplay [S1] Rol en español\gamemodes\FZRP.pwn:20160)
[16/12/2022 10:50:53] [plugins/mysql] error #1054 while executing query "UPDATE `usuarios` SET ExpLadron = '0', EntradaX = '498.993774', EntradaY = '-1360.408936', EntradaZ = '16.367538', `TiempoAD` = '0' WHERE `Username`='Guilherme_Martinelli'": Unknown column 'TiempoAD' in 'field list' (C:\Users\User\Desktop\FZ Roleplay [S1] Rol en español\gamemodes\FZRP.pwn:15028 -> C:\Users\User\Desktop\FZ Roleplay [S1] Rol en español\gamemodes\FZRP.pwn:20160)
[16/12/2022 10:52:00] [plugins/mysql] error #1054 while executing query "UPDATE `usuarios` SET ExpLadron = '0', EntradaX = '498.993774', EntradaY = '-1360.408936', EntradaZ = '16.367538', `TiempoAD` = '0' WHERE `Username`='Guilherme_Martinelli'": Unknown column 'TiempoAD' in 'field list' (C:\Users\User\Desktop\FZ Roleplay [S1] Rol en español\gamemodes\FZRP.pwn:15028 -> C:\Users\User\Desktop\FZ Roleplay [S1] Rol en español\gamemodes\FZRP.pwn:20160)
[16/12/2022 10:53:06] [plugins/mysql] error #1054 while executing query "UPDATE `usuarios` SET ExpLadron = '0', EntradaX = '498.993774', EntradaY = '-1360.408936', EntradaZ = '16.367538', `TiempoAD` = '0' WHERE `Username`='Guilherme_Martinelli'": Unknown column 'TiempoAD' in 'field list' (C:\Users\User\Desktop\FZ Roleplay [S1] Rol en español\gamemodes\FZRP.pwn:15028 -> C:\Users\User\Desktop\FZ Roleplay [S1] Rol en español\gamemodes\FZRP.pwn:20160)
[16/12/2022 10:54:11] [plugins/mysql] error #1054 while executing query "UPDATE `usuarios` SET ExpLadron = '0', EntradaX = '498.993774', EntradaY = '-1360.408936', EntradaZ = '16.367538', `TiempoAD` = '0' WHERE `Username`='Guilherme_Martinelli'": Unknown column 'TiempoAD' in 'field list' (C:\Users\User\Desktop\FZ Roleplay [S1] Rol en español\gamemodes\FZRP.pwn:15028 -> C:\Users\User\Desktop\FZ Roleplay [S1] Rol en español\gamemodes\FZRP.pwn:20160)
[16/12/2022 10:55:17] [plugins/mysql] error #1054 while executing query "UPDATE `usuarios` SET ExpLadron = '0', EntradaX = '498.993774', EntradaY = '-1360.408936', EntradaZ = '16.367538', `TiempoAD` = '0' WHERE `Username`='Guilherme_Martinelli'": Unknown column 'TiempoAD' in 'field list' (C:\Users\User\Desktop\FZ Roleplay [S1] Rol en español\gamemodes\FZRP.pwn:15028 -> C:\Users\User\Desktop\FZ Roleplay [S1] Rol en español\gamemodes\FZRP.pwn:20160)
[16/12/2022 10:56:24] [plugins/mysql] error #1054 while executing query "UPDATE `usuarios` SET ExpLadron = '0', EntradaX = '498.993774', EntradaY = '-1360.408936', EntradaZ = '16.367538', `TiempoAD` = '0' WHERE `Username`='Guilherme_Martinelli'": Unknown column 'TiempoAD' in 'field list' (C:\Users\User\Desktop\FZ Roleplay [S1] Rol en español\gamemodes\FZRP.pwn:15028 -> C:\Users\User\Desktop\FZ Roleplay [S1] Rol en español\gamemodes\FZRP.pwn:20160)
[16/12/2022 10:56:26] [plugins/mysql] cache_get_value_name: field 'Color' not found (C:\Users\User\Desktop\FZ Roleplay [S1] Rol en español\gamemodes\FZRP.pwn:24783)
[16/12/2022 10:56:26] [plugins/mysql] cache_get_value_name: field 'Color' not found (C:\Users\User\Desktop\FZ Roleplay [S1] Rol en español\gamemodes\FZRP.pwn:24783)
[16/12/2022 10:56:26] [plugins/mysql] cache_get_value_name: field 'Color' not found (C:\Users\User\Desktop\FZ Roleplay [S1] Rol en español\gamemodes\FZRP.pwn:24783)
[16/12/2022 10:56:27] [plugins/mysql] error #1054 while executing query "UPDATE `usuarios` SET ExpLadron = '0', EntradaX = '498.993774', EntradaY = '-1360.408936', EntradaZ = '16.367538', `TiempoAD` = '0' WHERE `Username`='Guilherme_Martinelli'": Unknown column 'TiempoAD' in 'field list' (C:\Users\User\Desktop\FZ Roleplay [S1] Rol en español\gamemodes\FZRP.pwn:42361 -> C:\Users\User\Desktop\FZ Roleplay [S1] Rol en español\gamemodes\FZRP.pwn:38822)
[16/12/2022 11:07:20] [plugins/mysql] cache_get_value_name: field 'Color' not found (C:\Users\User\Desktop\FZ Roleplay [S1] Rol en español\gamemodes\FZRP.pwn:24783)
[16/12/2022 11:07:20] [plugins/mysql] cache_get_value_name: field 'Color' not found (C:\Users\User\Desktop\FZ Roleplay [S1] Rol en español\gamemodes\FZRP.pwn:24783)
[16/12/2022 11:07:20] [plugins/mysql] cache_get_value_name: field 'Color' not found (C:\Users\User\Desktop\FZ Roleplay [S1] Rol en español\gamemodes\FZRP.pwn:24783)
[16/12/2022 11:18:14] [plugins/mysql] cache_get_value_name: field 'Color' not found (C:\Users\User\Desktop\FZ Roleplay [S1] Rol en español\gamemodes\FZRP.pwn:24783)
[16/12/2022 11:18:14] [plugins/mysql] cache_get_value_name: field 'Color' not found (C:\Users\User\Desktop\FZ Roleplay [S1] Rol en español\gamemodes\FZRP.pwn:24783)
[16/12/2022 11:18:14] [plugins/mysql] cache_get_value_name: field 'Color' not found (C:\Users\User\Desktop\FZ Roleplay [S1] Rol en español\gamemodes\FZRP.pwn:24783)
